0 info it worked if it ends with ok
1 verbose cli [ '/usr/local/Cellar/node/6.2.0/bin/node',
1 verbose cli   '/usr/local/bin/npm',
1 verbose cli   'run',
1 verbose cli   'babel',
1 verbose cli   'parser.js' ]
2 info using npm@3.8.9
3 info using node@v6.2.0
4 verbose run-script [ 'prebabel', 'babel', 'postbabel' ]
5 info lifecycle project@1.0.0~prebabel: project@1.0.0
6 silly lifecycle project@1.0.0~prebabel: no script for prebabel, continuing
7 info lifecycle project@1.0.0~babel: project@1.0.0
8 verbose lifecycle project@1.0.0~babel: unsafe-perm in lifecycle true
9 verbose lifecycle project@1.0.0~babel: PATH: /usr/local/lib/node_modules/npm/bin/node-gyp-bin:/Users/josh/Work/project/node_modules/.bin:/usr/local/Cellar/node/6.2.0/bin:/usr/local/bin:/usr/bin:/bin:/usr/sbin:/sbin
10 verbose lifecycle project@1.0.0~babel: CWD: /Users/josh/Work/project
11 silly lifecycle project@1.0.0~babel: Args: [ '-c', 'babel-node "parser.js"' ]
12 silly lifecycle project@1.0.0~babel: Returned: code: 1  signal: null
13 info lifecycle project@1.0.0~babel: Failed to exec babel script
14 verbose stack Error: project@1.0.0 babel: `babel-node "parser.js"`
14 verbose stack Exit status 1
14 verbose stack     at EventEmitter.<anonymous> (/usr/local/lib/node_modules/npm/lib/utils/lifecycle.js:245:16)
14 verbose stack     at emitTwo (events.js:106:13)
14 verbose stack     at EventEmitter.emit (events.js:191:7)
14 verbose stack     at ChildProcess.<anonymous> (/usr/local/lib/node_modules/npm/lib/utils/spawn.js:24:14)
14 verbose stack     at emitTwo (events.js:106:13)
14 verbose stack     at ChildProcess.emit (events.js:191:7)
14 verbose stack     at maybeClose (internal/child_process.js:850:16)
14 verbose stack     at Process.ChildProcess._handle.onexit (internal/child_process.js:215:5)
15 verbose pkgid project@1.0.0
16 verbose cwd /Users/josh/Work/project
17 error Darwin 15.5.0
18 error argv "/usr/local/Cellar/node/6.2.0/bin/node" "/usr/local/bin/npm" "run" "babel" "parser.js"
19 error node v6.2.0
20 error npm  v3.8.9
21 error code ELIFECYCLE
22 error project@1.0.0 babel: `babel-node "parser.js"`
22 error Exit status 1
23 error Failed at the project@1.0.0 babel script 'babel-node "parser.js"'.
23 error Make sure you have the latest version of node.js and npm installed.
23 error If you do, this is most likely a problem with the project package,
23 error not with npm itself.
23 error Tell the author that this fails on your system:
23 error     babel-node "parser.js"
23 error You can get information on how to open an issue for this project with:
23 error     npm bugs project
23 error Or if that isn't available, you can get their info via:
23 error     npm owner ls project
23 error There is likely additional logging output above.
24 verbose exit [ 1, true ]
